<?xml version="1.0" encoding="UTF-8"?>
<robot generator="Robot 3.2.2 (Python 3.9.0 on win32)" generated="20201030 18:47:20.680" rpa="false">
<suite id="s1" name="TC1" source="C:\Users\Soundharya\PycharmProjects\Helloworld\TestCases\TC1.robot">
<test id="s1-t1" name="TC1 Browser Login and Logout">
<kw name="Open Browser" library="SeleniumLibrary">
<doc>Opens a new browser instance to the optional ``url``.</doc>
<arguments>
<arg>${URL}</arg>
<arg>${Browser}</arg>
</arguments>
<msg timestamp="20201030 18:47:20.945" level="INFO">Opening browser 'chrome' to base url 'https://demo.craterapp.com/'.</msg>
<status status="PASS" starttime="20201030 18:47:20.945" endtime="20201030 18:47:39.749"></status>
</kw>
<status status="PASS" starttime="20201030 18:47:20.944" endtime="20201030 18:47:39.750" critical="yes"></status>
</test>
<status status="PASS" starttime="20201030 18:47:20.683" endtime="20201030 18:47:39.902"></status>
</suite>
<statistics>
<total>
<stat pass="1" fail="0">Critical Tests</stat>
<stat pass="1" fail="0">All Tests</stat>
</total>
<tag>
</tag>
<suite>
<stat pass="1" fail="0" id="s1" name="TC1">TC1</stat>
</suite>
</statistics>
<errors>
</errors>
</robot>
